  [1m[36m (2.9ms)[0m  [1mCREATE TABLE "schema_migrations" ("version" varchar(255) NOT NULL) [0m
  [1m[35m (0.9ms)[0m  CREATE UNIQUE INDEX "unique_schema_migrations" ON "schema_migrations" ("version")
  [1m[36mActiveRecord::SchemaMigration Load (0.1ms)[0m  [1mSELECT "schema_migrations".* FROM "schema_migrations"[0m
Migrating to CreateItems (20140329210324)
  [1m[35m (0.1ms)[0m  begin transaction
  [1m[36m (0.4ms)[0m  [1mCREATE TABLE "items" ("id" INTEGER PRIMARY KEY AUTOINCREMENT NOT NULL, "name" varchar(255), "description" text, "false" boolean, "created_at" datetime, "updated_at" datetime) [0m
  [1m[35mSQL (1.4ms)[0m  INSERT INTO "schema_migrations" ("version") VALUES (?)  [["version", "20140329210324"]]
  [1m[36m (0.9ms)[0m  [1mcommit transaction[0m
  [1m[35mActiveRecord::SchemaMigration Load (0.1ms)[0m  SELECT "schema_migrations".* FROM "schema_migrations"


Started GET "/" for 127.0.0.1 at 2014-03-29 16:07:06 -0500
  [1m[36mActiveRecord::SchemaMigration Load (0.1ms)[0m  [1mSELECT "schema_migrations".* FROM "schema_migrations"[0m
Processing by ItemsController#index as HTML
  [1m[35mItem Load (0.3ms)[0m  SELECT "items".* FROM "items"
  Rendered items/index.html.erb within layouts/application (3.9ms)
Completed 200 OK in 755ms (Views: 742.7ms | ActiveRecord: 0.3ms)


Started GET "/assets/scaffolds.css?body=1" for 127.0.0.1 at 2014-03-29 16:07:07 -0500


Started GET "/assets/jquery.js?body=1" for 127.0.0.1 at 2014-03-29 16:07:07 -0500


Started GET "/assets/items.css?body=1" for 127.0.0.1 at 2014-03-29 16:07:07 -0500


Started GET "/assets/turbolinks.js?body=1" for 127.0.0.1 at 2014-03-29 16:07:07 -0500


Started GET "/assets/jquery_ujs.js?body=1" for 127.0.0.1 at 2014-03-29 16:07:07 -0500


Started GET "/assets/application.css?body=1" for 127.0.0.1 at 2014-03-29 16:07:07 -0500


Started GET "/assets/items.js?body=1" for 127.0.0.1 at 2014-03-29 16:07:07 -0500


Started GET "/assets/application.js?body=1" for 127.0.0.1 at 2014-03-29 16:07:07 -0500


Started GET "/items/new" for 127.0.0.1 at 2014-03-29 16:07:09 -0500
Processing by ItemsController#new as HTML
  Rendered items/_form.html.erb (57.4ms)
  Rendered items/new.html.erb within layouts/application (62.5ms)
Completed 500 Internal Server Error in 66ms

ActionView::Template::Error (undefined method `completed' for #<Item:0x007fe015a8edd0>):
    21:   </div>
    22:   <div class="field">
    23:     <%= f.label :completed %><br>
    24:     <%= f.check_box :completed %>
    25:   </div>
    26:   <div class="actions">
    27:     <%= f.submit %>
  app/views/items/_form.html.erb:24:in `block in _app_views_items__form_html_erb___1821356953101543671_70300206643700'
  app/views/items/_form.html.erb:1:in `_app_views_items__form_html_erb___1821356953101543671_70300206643700'
  app/views/items/new.html.erb:3:in `_app_views_items_new_html_erb___4121785861952224529_70300206408840'


  Rendered /Users/lukemonson/.rvm/gems/ruby-1.9.3-p545/gems/actionpack-4.0.4/lib/action_dispatch/middleware/templates/rescues/_trace.erb (1.3ms)
  Rendered /Users/lukemonson/.rvm/gems/ruby-1.9.3-p545/gems/actionpack-4.0.4/lib/action_dispatch/middleware/templates/rescues/_request_and_response.erb (0.8ms)
  Rendered /Users/lukemonson/.rvm/gems/ruby-1.9.3-p545/gems/actionpack-4.0.4/lib/action_dispatch/middleware/templates/rescues/template_error.erb within rescues/layout (9.9ms)


Started GET "/items/new" for 127.0.0.1 at 2014-03-29 16:07:09 -0500
Processing by ItemsController#new as HTML
  Rendered items/_form.html.erb (4.4ms)
  Rendered items/new.html.erb within layouts/application (6.2ms)
Completed 500 Internal Server Error in 10ms

ActionView::Template::Error (undefined method `completed' for #<Item:0x007fe015803930>):
    21:   </div>
    22:   <div class="field">
    23:     <%= f.label :completed %><br>
    24:     <%= f.check_box :completed %>
    25:   </div>
    26:   <div class="actions">
    27:     <%= f.submit %>
  app/views/items/_form.html.erb:24:in `block in _app_views_items__form_html_erb___1821356953101543671_70300205088560'
  app/views/items/_form.html.erb:1:in `_app_views_items__form_html_erb___1821356953101543671_70300205088560'
  app/views/items/new.html.erb:3:in `_app_views_items_new_html_erb___4121785861952224529_70300205058340'


  Rendered /Users/lukemonson/.rvm/gems/ruby-1.9.3-p545/gems/actionpack-4.0.4/lib/action_dispatch/middleware/templates/rescues/_trace.erb (1.7ms)
  Rendered /Users/lukemonson/.rvm/gems/ruby-1.9.3-p545/gems/actionpack-4.0.4/lib/action_dispatch/middleware/templates/rescues/_request_and_response.erb (1.1ms)
  Rendered /Users/lukemonson/.rvm/gems/ruby-1.9.3-p545/gems/actionpack-4.0.4/lib/action_dispatch/middleware/templates/rescues/template_error.erb within rescues/layout (10.8ms)


Started GET "/" for 127.0.0.1 at 2014-03-29 16:07:20 -0500
Processing by ItemsController#index as HTML
  [1m[36mItem Load (0.2ms)[0m  [1mSELECT "items".* FROM "items"[0m
  Rendered items/index.html.erb within layouts/application (1.4ms)
Completed 200 OK in 8ms (Views: 6.9ms | ActiveRecord: 0.2ms)


Started GET "/assets/application.css?body=1" for 127.0.0.1 at 2014-03-29 16:07:20 -0500


Started GET "/assets/turbolinks.js?body=1" for 127.0.0.1 at 2014-03-29 16:07:20 -0500


Started GET "/assets/jquery.js?body=1" for 127.0.0.1 at 2014-03-29 16:07:20 -0500


Started GET "/assets/scaffolds.css?body=1" for 127.0.0.1 at 2014-03-29 16:07:20 -0500


Started GET "/assets/items.css?body=1" for 127.0.0.1 at 2014-03-29 16:07:20 -0500


Started GET "/assets/jquery_ujs.js?body=1" for 127.0.0.1 at 2014-03-29 16:07:20 -0500


Started GET "/assets/items.js?body=1" for 127.0.0.1 at 2014-03-29 16:07:20 -0500


Started GET "/assets/application.js?body=1" for 127.0.0.1 at 2014-03-29 16:07:20 -0500
